INFO:root:faces: 1 at 2021-04-01 17:12:55.127305
INFO:root:faces: 0 at 2021-04-01 17:12:55.232536
WARNING:kivy:[Config      ] Older configuration version detected (0 instead of 21)
WARNING:kivy:[Config      ] Upgrading configuration in progress.
INFO:kivy:[Logger      ] Record log in C:\Users\lucav\.kivy\logs\kivy_21-04-01_0.txt
INFO:kivy:[Kivy        ] v2.0.0
INFO:kivy:[Kivy        ] Installed at "C:\ProgramData\Anaconda3\lib\site-packages\kivy\__init__.py"
INFO:kivy:[Python      ] v3.8.8 (default, Feb 24 2021, 15:54:32) [MSC v.1928 64 bit (AMD64)]
INFO:kivy:[Python      ] Interpreter at "C:\ProgramData\Anaconda3\python.exe"
INFO:kivy:[Factory     ] 186 symbols loaded
INFO:kivy:[Image       ] Providers: img_tex, img_dds, img_sdl2, img_pil (img_ffpyplayer ignored)
INFO:kivy:[Text        ] Provider: sdl2
INFO:kivy:[Window      ] Provider: sdl2
INFO:kivy:[GL          ] Using the "OpenGL" graphics system
INFO:kivy:[GL          ] GLEW initialization succeeded
INFO:kivy:[GL          ] Backend used <glew>
INFO:kivy:[GL          ] OpenGL version <b'4.6.0 - Build 27.20.100.8190'>
INFO:kivy:[GL          ] OpenGL vendor <b'Intel'>
INFO:kivy:[GL          ] OpenGL renderer <b'Intel(R) UHD Graphics 620'>
INFO:kivy:[GL          ] OpenGL parsed version: 4, 6
INFO:kivy:[GL          ] Shading version <b'4.60 - Build 27.20.100.8190'>
INFO:kivy:[GL          ] Texture max size <16384>
INFO:kivy:[GL          ] Texture max units <32>
INFO:kivy:[Window      ] auto add sdl2 input provider
INFO:kivy:[Window      ] virtual keyboard not allowed, single mode, not docked
INFO:kivy:[Base        ] Start application main loop
INFO:kivy:[GL          ] NPOT texture support is available
INFO:kivy:[Base        ] Leaving application in progress...
INFO:root:num of faces: 1 at 2021-04-15 14:41:42.761827
INFO:root:num of faces: 0 at 2021-04-15 14:41:44.162118
